#
# There is insufficient memory for the Java Runtime Environment to continue.
# Native memory allocation (mmap) failed to map 132120576 bytes. Error detail: G1 virtual space
# Possible reasons:
#   The system is out of physical RAM or swap space
#   This process is running with CompressedOops enabled, and the Java Heap may be blocking the growth of the native heap
# Possible solutions:
#   Reduce memory load on the system
#   Increase physical memory or swap space
#   Check if swap backing store is full
#   Decrease Java heap size (-Xmx/-Xms)
#   Decrease number of Java threads
#   Decrease Java thread stack sizes (-Xss)
#   Set larger code cache with -XX:ReservedCodeCacheSize=
#   JVM is running with Unscaled Compressed Oops mode in which the Java heap is
#     placed in the first 4GB address space. The Java Heap base address is the
#     maximum limit for the native heap growth. Please use -XX:HeapBaseMinAddress
#     to set the Java Heap base and to place the Java Heap above 4GB virtual address.
# This output file may be truncated or incomplete.
#
#  Out of Memory Error (os_windows.cpp:3825), pid=16004, tid=13876
#
# JRE version:  (17.0.11) (build )
# Java VM: OpenJDK 64-Bit Server VM (17.0.11+0--11852314, mixed mode, sharing, tiered, compressed oops, compressed class ptrs, g1 gc, windows-amd64)
# No core dump will be written. Minidumps are not enabled by default on client versions of Windows
#

---------------  S U M M A R Y ------------

Command Line: git4idea.http.GitAskPassApp Username for 'https://github.com': 

Host: 11th Gen Intel(R) Core(TM) i5-1135G7 @ 2.40GHz, 8 cores, 7G,  Windows 10 , 64 bit Build 19041 (10.0.19041.5438)
Time: Fri Mar 28 15:35:36 2025 India Standard Time elapsed time: 0.014791 seconds (0d 0h 0m 0s)

---------------  T H R E A D  ---------------

Current thread (0x00000242e96ae970):  JavaThread "Unknown thread" [_thread_in_vm, id=13876, stack(0x000000e097700000,0x000000e097800000)]

Stack: [0x000000e097700000,0x000000e097800000]
Native frames: (J=compiled Java code, j=interpreted, Vv=VM code, C=native code)
V  [jvm.dll+0x687bb9]
V  [jvm.dll+0x84142a]
V  [jvm.dll+0x8430ae]
V  [jvm.dll+0x843713]
V  [jvm.dll+0x24a35f]
V  [jvm.dll+0x684989]
V  [jvm.dll+0x67923a]
V  [jvm.dll+0x30af0b]
V  [jvm.dll+0x3123b6]
V  [jvm.dll+0x361dfe]
V  [jvm.dll+0x36202f]
V  [jvm.dll+0x2e0d38]
V  [jvm.dll+0x2e1ca4]
V  [jvm.dll+0x811f21]
V  [jvm.dll+0x36fb68]
V  [jvm.dll+0x7f0896]
V  [jvm.dll+0x3f3d2f]
V  [jvm.dll+0x3f58e1]
C  [jli.dll+0x528f]
C  [ucrtbase.dll+0x21bb2]
C  [KERNEL32.DLL+0x17374]
C  [ntdll.dll+0x4cc91]


---------------  P R O C E S S  ---------------

Threads class SMR info:
_java_thread_list=0x00007ffa8cc7efd8, length=0, elements={
}

Java Threads: ( => current thread )

Other Threads:
  0x00000242eb718580 GCTaskThread "GC Thread#0" [stack: 0x000000e097800000,0x000000e097900000] [id=14996]
  0x00000242eb728e10 ConcurrentGCThread "G1 Main Marker" [stack: 0x000000e097900000,0x000000e097a00000] [id=2996]
  0x00000242eb729830 ConcurrentGCThread "G1 Conc#0" [stack: 0x000000e097a00000,0x000000e097b00000] [id=9816]

[error occurred during error reporting (printing all threads), id 0xc0000005, EXCEPTION_ACCESS_VIOLATION (0xc0000005) at pc=0x00007ffa8c431907]

VM state: not at safepoint (not fully initialized)

VM Mutex/Monitor currently owned by a thread:  ([mutex/lock_event])
[0x00000242eb6b9d70] Heap_lock - owner thread: 0x00000242e96ae970

Heap address: 0x0000000083600000, size: 1994 MB, Compressed Oops mode: 32-bit

CDS archive(s) mapped at: [0x0000000000000000-0x0000000000000000-0x0000000000000000), size 0, SharedBaseAddress: 0x0000000800000000, ArchiveRelocationMode: 1.
Narrow klass base: 0x0000000000000000, Narrow klass shift: 0, Narrow klass range: 0x0

GC Precious Log:
<Empty>

Heap:
 garbage-first heap   total 0K, used 0K [0x0000000083600000, 0x0000000100000000)
  region size 1024K, 0 young (0K), 0 survivors (0K)
 Metaspace       used 0K, committed 0K, reserved 0K
  class space    used 0K, committed 0K, reserved 0K

Heap Regions: E=young(eden), S=young(survivor), O=old, HS=humongous(starts), HC=humongous(continues), CS=collection set, F=free, OA=open archive, CA=closed archive, TAMS=top-at-mark-start (previous, next)

Card table byte_map: [0x00000242fe2c0000,0x00000242fe6b0000] _byte_map_base: 0x00000242fdea5000

Marking Bits (Prev, Next): (CMBitMap*) 0x00000242eb718ba0, (CMBitMap*) 0x00000242eb718be0
 Prev Bits: [0x0000024280000000, 0x0000024281f28000)
 Next Bits: [0x0000024281f30000, 0x0000024283e58000)

GC Heap History (0 events):
No events

Dll operation events (1 events):
Event: 0.008 Loaded shared library C:\Program Files\Android\Android Studio\jbr\bin\java.dll

Deoptimization events (0 events):
No events

Classes unloaded (0 events):
No events

Classes redefined (0 events):
No events

Internal exceptions (0 events):
No events

VM Operations (0 events):
No events

Events (0 events):
No events


Dynamic libraries:
0x00007ff6805b0000 - 0x00007ff6805ba000 	C:\Program Files\Android\Android Studio\jbr\bin\java.exe
0x00007ffad5b50000 - 0x00007ffad5d48000 	C:\Windows\SYSTEM32\ntdll.dll
0x00007ffad3c90000 - 0x00007ffad3d52000 	C:\Windows\System32\KERNEL32.DLL
0x00007ffad3300000 - 0x00007ffad35ff000 	C:\Windows\System32\KERNELBASE.dll
0x00007ffad3600000 - 0x00007ffad3700000 	C:\Windows\System32\ucrtbase.dll
0x00007ffa8bc90000 - 0x00007ffa8bca7000 	C:\Program Files\Android\Android Studio\jbr\bin\jli.dll
0x00007ffac5b10000 - 0x00007ffac5b2b000 	C:\Program Files\Android\Android Studio\jbr\bin\VCRUNTIME140.dll
0x00007ffad5310000 - 0x00007ffad54ad000 	C:\Windows\System32\USER32.dll
0x00007ffad3a40000 - 0x00007ffad3a62000 	C:\Windows\System32\win32u.dll
0x00007ffabf3c0000 - 0x00007ffabf65a000 	C:\Windows\WinSxS\amd64_microsoft.windows.common-controls_6595b64144ccf1df_6.0.19041.4355_none_60b8b9eb71f62e16\COMCTL32.dll
0x00007ffad4cd0000 - 0x00007ffad4cfb000 	C:\Windows\System32\GDI32.dll
0x00007ffad40d0000 - 0x00007ffad416e000 	C:\Windows\System32\msvcrt.dll
0x00007ffad37c0000 - 0x00007ffad38da000 	C:\Windows\System32\gdi32full.dll
0x00007ffad31f0000 - 0x00007ffad328d000 	C:\Windows\System32\msvcp_win.dll
0x00007ffad3c60000 - 0x00007ffad3c8f000 	C:\Windows\System32\IMM32.DLL
0x00007ffacc140000 - 0x00007ffacc14c000 	C:\Program Files\Android\Android Studio\jbr\bin\vcruntime140_1.dll
0x00007ffabea80000 - 0x00007ffabeb0d000 	C:\Program Files\Android\Android Studio\jbr\bin\msvcp140.dll
0x00007ffa8c140000 - 0x00007ffa8cdc3000 	C:\Program Files\Android\Android Studio\jbr\bin\server\jvm.dll
0x00007ffad4170000 - 0x00007ffad421f000 	C:\Windows\System32\ADVAPI32.dll
0x00007ffad4030000 - 0x00007ffad40cf000 	C:\Windows\System32\sechost.dll
0x00007ffad5930000 - 0x00007ffad5a53000 	C:\Windows\System32\RPCRT4.dll
0x00007ffad3700000 - 0x00007ffad3727000 	C:\Windows\System32\bcrypt.dll
0x00007ffad2780000 - 0x00007ffad27cb000 	C:\Windows\SYSTEM32\POWRPROF.dll
0x00007ffabda30000 - 0x00007ffabda57000 	C:\Windows\SYSTEM32\WINMM.dll
0x00007ffaa26c0000 - 0x00007ffaa26c9000 	C:\Windows\SYSTEM32\WSOCK32.dll
0x00007ffacaa30000 - 0x00007ffacaa3a000 	C:\Windows\SYSTEM32\VERSION.dll
0x00007ffad4230000 - 0x00007ffad429b000 	C:\Windows\System32\WS2_32.dll
0x00007ffad25f0000 - 0x00007ffad2602000 	C:\Windows\SYSTEM32\UMPDC.dll
0x00007ffad10e0000 - 0x00007ffad10f2000 	C:\Windows\SYSTEM32\kernel.appcore.dll
0x00007ffaa2230000 - 0x00007ffaa223a000 	C:\Program Files\Android\Android Studio\jbr\bin\jimage.dll
0x00007ffad0750000 - 0x00007ffad0934000 	C:\Windows\SYSTEM32\DBGHELP.DLL
0x00007ffac4920000 - 0x00007ffac4954000 	C:\Windows\SYSTEM32\dbgcore.DLL
0x00007ffad3730000 - 0x00007ffad37b2000 	C:\Windows\System32\bcryptPrimitives.dll
0x00007ffa8c110000 - 0x00007ffa8c135000 	C:\Program Files\Android\Android Studio\jbr\bin\java.dll

dbghelp: loaded successfully - version: 4.0.5 - missing functions: none
symbol engine: initialized successfully - sym options: 0x614 - pdb path: .;C:\Program Files\Android\Android Studio\jbr\bin;C:\Windows\SYSTEM32;C:\Windows\WinSxS\amd64_microsoft.windows.common-controls_6595b64144ccf1df_6.0.19041.4355_none_60b8b9eb71f62e16;C:\Program Files\Android\Android Studio\jbr\bin\server

VM Arguments:
java_command: git4idea.http.GitAskPassApp Username for 'https://github.com': 
java_class_path (initial): C:/Program Files/Android/Android Studio/plugins/vcs-git/lib/git4idea-rt.jar;C:/Program Files/Android/Android Studio/lib/externalProcess-rt.jar
Launcher Type: SUN_STANDARD

[Global flags]
     intx CICompilerCount                          = 4                                         {product} {ergonomic}
     uint ConcGCThreads                            = 2                                         {product} {ergonomic}
     uint G1ConcRefinementThreads                  = 8                                         {product} {ergonomic}
   size_t G1HeapRegionSize                         = 1048576                                   {product} {ergonomic}
    uintx GCDrainStackTargetSize                   = 64                                        {product} {ergonomic}
   size_t InitialHeapSize                          = 132120576                                 {product} {ergonomic}
   size_t MarkStackSize                            = 4194304                                   {product} {ergonomic}
   size_t MaxHeapSize                              = 2090860544                                {product} {ergonomic}
   size_t MinHeapDeltaBytes                        = 1048576                                   {product} {ergonomic}
   size_t MinHeapSize                              = 8388608                                   {product} {ergonomic}
    uintx NonNMethodCodeHeapSize                   = 5839372                                {pd product} {ergonomic}
    uintx NonProfiledCodeHeapSize                  = 122909434                              {pd product} {ergonomic}
    uintx ProfiledCodeHeapSize                     = 122909434                              {pd product} {ergonomic}
    uintx ReservedCodeCacheSize                    = 251658240                              {pd product} {ergonomic}
     bool SegmentedCodeCache                       = true                                      {product} {ergonomic}
   size_t SoftMaxHeapSize                          = 2090860544                             {manageable} {ergonomic}
     bool UseCompressedClassPointers               = true                           {product lp64_product} {ergonomic}
     bool UseCompressedOops                        = true                           {product lp64_product} {ergonomic}
     bool UseG1GC                                  = true                                      {product} {ergonomic}
     bool UseLargePagesIndividualAllocation        = false                                  {pd product} {ergonomic}

Logging:
Log output configuration:
 #0: stdout all=warning uptime,level,tags
 #1: stderr all=off uptime,level,tags

Environment Variables:
PATH=C:\Program Files\Git\mingw64\libexec\git-core;C:\Program Files\Git\mingw64\libexec\git-core;C:\Program Files\Git\mingw64\bin;C:\Program Files\Git\usr\bin;C:\Users\LENOVO\bin;C:\Program Files\Python311\Scripts;C:\Program Files\Python311;C:\Program Files\Common Files\Oracle\Java\javapath;C:\Windows\system32;C:\Windows;C:\Windows\System32\Wbem;C:\Windows\System32\WindowsPowerShell\v1.0;C:\Windows\System32\OpenSSH;C:\Program Files\Git\cmd;C:\Program Files\MySQL\MySQL Shell 8.0\bin;C:\Users\LENOVO\AppData\Local\Microsoft\WindowsApps;C:\Program Files\JetBrains\IntelliJ IDEA 2022.3.2\bin;C:\Program Files\JetBrains\IntelliJ IDEA Community Edition 2022.3.3\bin;C:\Users\LENOVO\Downloads\flutter_windows_3.10.5-stable\flutter\bin;C:\Users\LENOVO\AppData\Local\Programs\Microsoft VS Code\bin
USERNAME=LENOVO
DISPLAY=:0.0
LC_ALL=en_US.UTF-8
TERM=xterm-256color
TMPDIR=C:\Users\LENOVO\AppData\Local\Temp
OS=Windows_NT
PROCESSOR_IDENTIFIER=Intel64 Family 6 Model 140 Stepping 1, GenuineIntel
TMP=C:\Users\LENOVO\AppData\Local\Temp
TEMP=C:\Users\LENOVO\AppData\Local\Temp



Periodic native trim disabled

JNI global refs:
JNI global refs: 0, weak refs: 0

JNI global refs memory usage: 0, weak refs: 0

Process memory usage:
Resident Set Size: 10476K (0% of 8166712K total physical memory with 661820K free physical memory)

OOME stack traces (most recent first):
Classloader memory used:


---------------  S Y S T E M  ---------------

OS:
 Windows 10 , 64 bit Build 19041 (10.0.19041.5438)
OS uptime: 1 days 1:01 hours

CPU: total 8 (initial active 8) (4 cores per cpu, 2 threads per core) family 6 model 140 stepping 1 microcode 0xa6, cx8, cmov, fxsr, ht, mmx, 3dnowpref, sse, sse2, sse3, ssse3, sse4.1, sse4.2, popcnt, lzcnt, tsc, tscinvbit, avx, avx2, aes, erms, clmul, bmi1, bmi2, adx, avx512f, avx512dq, avx512cd, avx512bw, avx512vl, sha, fma, vzeroupper, avx512_vpopcntdq, avx512_vpclmulqdq, avx512_vaes, avx512_vnni, clflush, clflushopt, clwb, avx512_vbmi2, avx512_vbmi
Processor Information for processor 0
  Max Mhz: 2419, Current Mhz: 2419, Mhz Limit: 2419
Processor Information for processor 1
  Max Mhz: 2419, Current Mhz: 2419, Mhz Limit: 2419
Processor Information for processor 2
  Max Mhz: 2419, Current Mhz: 2419, Mhz Limit: 2419
Processor Information for processor 3
  Max Mhz: 2419, Current Mhz: 2419, Mhz Limit: 2419
Processor Information for processor 4
  Max Mhz: 2419, Current Mhz: 2419, Mhz Limit: 2419
Processor Information for processor 5
  Max Mhz: 2419, Current Mhz: 2419, Mhz Limit: 2419
Processor Information for processor 6
  Max Mhz: 2419, Current Mhz: 2419, Mhz Limit: 2419
Processor Information for processor 7
  Max Mhz: 2419, Current Mhz: 1411, Mhz Limit: 2419

Memory: 4k page, system-wide physical 7975M (646M free)
TotalPageFile size 18657M (AvailPageFile size 44M)
current process WorkingSet (physical memory assigned to process): 10M, peak: 10M
current process commit charge ("private bytes"): 60M, peak: 186M

vm_info: OpenJDK 64-Bit Server VM (17.0.11+0--11852314) for windows-amd64 JRE (17.0.11+0--11852314), built on May 16 2024 21:29:20 by "androidbuild" with MS VC++ 16.10 / 16.11 (VS2019)

END.
